{"SourceImage":"C:\\windows\\system32\\svchost.exe","TimeCreated":"2020-10-18 02:17:05.054","GrantedAccess":"0x1000","SourceThreadId":"1316","CallTrace":"C:\\windows\\SYSTEM32\\ntdll.dll+9d154|C:\\windows\\System32\\RPCRT4.dll+2d354|C:\\windows\\System32\\combase.dll+b855b|c:\\windows\\system32\\windows.staterepository.dll+2231c|c:\\windows\\system32\\windows.staterepository.dll+1e507|C:\\windows\\System32\\RPCRT4.dll+76a63|C:\\windows\\System32\\RPCRT4.dll+da036|C:\\windows\\System32\\RPCRT4.dll+383b9|C:\\windows\\System32\\combase.dll+a5d13|C:\\windows\\System32\\RPCRT4.dll+59bab|C:\\windows\\System32\\combase.dll+8d0e3|C:\\windows\\System32\\combase.dll+8ced3|C:\\windows\\System32\\combase.dll+a9556|C:\\windows\\System32\\combase.dll+8a4fa|C:\\windows\\System32\\combase.dll+a47ed|C:\\windows\\System32\\combase.dll+401ac|C:\\windows\\System32\\combase.dll+40a11|C:\\windows\\System32\\combase.dll+421b8|C:\\windows\\System32\\RPCRT4.dll+549f8|C:\\windows\\System32\\RPCRT4.dll+2c9b1|C:\\windows\\System32\\RPCRT4.dll+2c500|C:\\windows\\System32\\RPCRT4.dll+1a71f|C:\\windows\\System32\\RPCRT4.dll+19d7a|C:\\windows\\System32\\RPCRT4.dll+19361","UtcTime":"2020-10-18 06:17:05.039","TargetProcessGUID":"{39e4a257-1bcf-5f89-a90e-000000000400}","SourceProcessId":"3372","EventID":10,"Channel":"Microsoft-Windows-Sysmon/Operational","Task":"10","RuleName":"-","Message":"Process accessed:\r\nRuleName: -\r\nUtcTime: 2020-10-18 06:17:05.039\r\nSourceProcessGUID: {39e4a257-f7a9-5f87-bc00-000000000400}\r\nSourceProcessId: 3372\r\nSourceThreadId: 1316\r\nSourceImage: C:\\windows\\system32\\svchost.exe\r\nTargetProcessGUID: {39e4a257-1bcf-5f89-a90e-000000000400}\r\nTargetProcessId: 4548\r\nTargetImage: C:\\windows\\Explorer.EXE\r\nGrantedAccess: 0x1000\r\nCallTrace: C:\\windows\\SYSTEM32\\ntdll.dll+9d154|C:\\windows\\System32\\RPCRT4.dll+2d354|C:\\windows\\System32\\combase.dll+b855b|c:\\windows\\system32\\windows.staterepository.dll+2231c|c:\\windows\\system32\\windows.staterepository.dll+1e507|C:\\windows\\System32\\RPCRT4.dll+76a63|C:\\windows\\System32\\RPCRT4.dll+da036|C:\\windows\\System32\\RPCRT4.dll+383b9|C:\\windows\\System32\\combase.dll+a5d13|C:\\windows\\System32\\RPCRT4.dll+59bab|C:\\windows\\System32\\combase.dll+8d0e3|C:\\windows\\System32\\combase.dll+8ced3|C:\\windows\\System32\\combase.dll+a9556|C:\\windows\\System32\\combase.dll+8a4fa|C:\\windows\\System32\\combase.dll+a47ed|C:\\windows\\System32\\combase.dll+401ac|C:\\windows\\System32\\combase.dll+40a11|C:\\windows\\System32\\combase.dll+421b8|C:\\windows\\System32\\RPCRT4.dll+549f8|C:\\windows\\System32\\RPCRT4.dll+2c9b1|C:\\windows\\System32\\RPCRT4.dll+2c500|C:\\windows\\System32\\RPCRT4.dll+1a71f|C:\\windows\\System32\\RPCRT4.dll+19d7a|C:\\windows\\System32\\RPCRT4.dll+19361","Hostname":"WORKSTATION5","TargetProcessId":"4548","TargetImage":"C:\\windows\\Explorer.EXE","SourceProcessGUID":"{39e4a257-f7a9-5f87-bc00-000000000400}"}
{"TimeCreated":"2020-10-18 02:17:05.044","UtcTime":"2020-10-18 06:17:05.039","ProcessGuid":"{39e4a257-1bcf-5f89-a90e-000000000400}","Image":"C:\\windows\\Explorer.EXE","EventID":13,"Channel":"Microsoft-Windows-Sysmon/Operational","Task":"13","RuleName":"-","Message":"Registry value set:\r\nRuleName: -\r\nEventType: SetValue\r\nUtcTime: 2020-10-18 06:17:05.039\r\nProcessGuid: {39e4a257-1bcf-5f89-a90e-000000000400}\r\nProcessId: 4548\r\nImage: C:\\windows\\Explorer.EXE\r\nTargetObject: HKU\\S-1-5-21-3940915590-64593676-1414006259-500\\Software\\Microsoft\\Windows\\CurrentVersion\\Explorer\\SessionInfo\\2\\ImmersiveShell\\PersistedApplicationData\\Volatile\\Microsoft.WindowsCalculator_8wekyb3d8bbwe!App\r\nDetails: DWORD (0x00000001)","Hostname":"WORKSTATION5","Details":"DWORD (0x00000001)","ProcessId":"4548","EventType":"SetValue","TargetObject":"HKU\\S-1-5-21-3940915590-64593676-1414006259-500\\Software\\Microsoft\\Windows\\CurrentVersion\\Explorer\\SessionInfo\\2\\ImmersiveShell\\PersistedApplicationData\\Volatile\\Microsoft.WindowsCalculator_8wekyb3d8bbwe!App"}
{"TimeCreated":"2020-10-18 02:17:05.037","UtcTime":"2020-10-18 06:17:05.023","ProcessGuid":"{39e4a257-f71a-5f87-1000-000000000400}","Image":"C:\\windows\\system32\\svchost.exe","EventID":13,"Channel":"Microsoft-Windows-Sysmon/Operational","Task":"13","RuleName":"-","Message":"Registry value set:\r\nRuleName: -\r\nEventType: SetValue\r\nUtcTime: 2020-10-18 06:17:05.023\r\nProcessGuid: {39e4a257-f71a-5f87-1000-000000000400}\r\nProcessId: 896\r\nImage: C:\\windows\\system32\\svchost.exe\r\nTargetObject: HKU\\S-1-5-21-3940915590-64593676-1414006259-500_Classes\\Local Settings\\Software\\Microsoft\\Windows\\CurrentVersion\\AppModel\\SystemAppData\\Microsoft.WindowsCalculator_8wekyb3d8bbwe\\HAM\\AUI\\App\\V1\\LU\\ICT\r\nDetails: QWORD (0x01d6a516-0x4cc875a1)","Hostname":"WORKSTATION5","Details":"QWORD (0x01d6a516-0x4cc875a1)","ProcessId":"896","EventType":"SetValue","TargetObject":"HKU\\S-1-5-21-3940915590-64593676-1414006259-500_Classes\\Local Settings\\Software\\Microsoft\\Windows\\CurrentVersion\\AppModel\\SystemAppData\\Microsoft.WindowsCalculator_8wekyb3d8bbwe\\HAM\\AUI\\App\\V1\\LU\\ICT"}
{"TimeCreated":"2020-10-18 02:17:05.037","UtcTime":"2020-10-18 06:17:05.023","ProcessGuid":"{39e4a257-f71a-5f87-1000-000000000400}","Image":"C:\\windows\\system32\\svchost.exe","EventID":13,"Channel":"Microsoft-Windows-Sysmon/Operational","Task":"13","RuleName":"-","Message":"Registry value set:\r\nRuleName: -\r\nEventType: SetValue\r\nUtcTime: 2020-10-18 06:17:05.023\r\nProcessGuid: {39e4a257-f71a-5f87-1000-000000000400}\r\nProcessId: 896\r\nImage: C:\\windows\\system32\\svchost.exe\r\nTargetObject: HKU\\S-1-5-21-3940915590-64593676-1414006259-500_Classes\\Local Settings\\Software\\Microsoft\\Windows\\CurrentVersion\\AppModel\\SystemAppData\\Microsoft.WindowsCalculator_8wekyb3d8bbwe\\HAM\\AUI\\App\\V1\\LU\\PCT\r\nDetails: QWORD (0x01d6a516-0x4cba2795)","Hostname":"WORKSTATION5","Details":"QWORD (0x01d6a516-0x4cba2795)","ProcessId":"896","EventType":"SetValue","TargetObject":"HKU\\S-1-5-21-3940915590-64593676-1414006259-500_Classes\\Local Settings\\Software\\Microsoft\\Windows\\CurrentVersion\\AppModel\\SystemAppData\\Microsoft.WindowsCalculator_8wekyb3d8bbwe\\HAM\\AUI\\App\\V1\\LU\\PCT"}
{"TimeCreated":"2020-10-18 02:17:05.036","UtcTime":"2020-10-18 06:17:05.023","ProcessGuid":"{39e4a257-f71a-5f87-1000-000000000400}","Image":"C:\\windows\\system32\\svchost.exe","EventID":12,"Channel":"Microsoft-Windows-Sysmon/Operational","Task":"12","RuleName":"-","Message":"Registry object added or deleted:\r\nRuleName: -\r\nEventType: CreateKey\r\nUtcTime: 2020-10-18 06:17:05.023\r\nProcessGuid: {39e4a257-f71a-5f87-1000-000000000400}\r\nProcessId: 896\r\nImage: C:\\windows\\system32\\svchost.exe\r\nTargetObject: HKU\\S-1-5-21-3940915590-64593676-1414006259-500_Classes\\Local Settings\\Software\\Microsoft\\Windows\\CurrentVersion\\AppModel\\SystemAppData\\Microsoft.WindowsCalculator_8wekyb3d8bbwe\\HAM\\AUI\\App\\V1\\LU","Hostname":"WORKSTATION5","ProcessId":"896","EventType":"CreateKey","TargetObject":"HKU\\S-1-5-21-3940915590-64593676-1414006259-500_Classes\\Local Settings\\Software\\Microsoft\\Windows\\CurrentVersion\\AppModel\\SystemAppData\\Microsoft.WindowsCalculator_8wekyb3d8bbwe\\HAM\\AUI\\App\\V1\\LU"}
{"TimeCreated":"2020-10-18 02:17:05.036","UtcTime":"2020-10-18 06:17:05.023","ProcessGuid":"{39e4a257-f71a-5f87-1000-000000000400}","Image":"C:\\windows\\system32\\svchost.exe","EventID":12,"Channel":"Microsoft-Windows-Sysmon/Operational","Task":"12","RuleName":"-","Message":"Registry object added or deleted:\r\nRuleName: -\r\nEventType: CreateKey\r\nUtcTime: 2020-10-18 06:17:05.023\r\nProcessGuid: {39e4a257-f71a-5f87-1000-000000000400}\r\nProcessId: 896\r\nImage: C:\\windows\\system32\\svchost.exe\r\nTargetObject: HKU\\S-1-5-21-3940915590-64593676-1414006259-500_Classes\\Local Settings\\Software\\Microsoft\\Windows\\CurrentVersion\\AppModel\\SystemAppData\\Microsoft.WindowsCalculator_8wekyb3d8bbwe\\HAM\\AUI\\App\\V1","Hostname":"WORKSTATION5","ProcessId":"896","EventType":"CreateKey","TargetObject":"HKU\\S-1-5-21-3940915590-64593676-1414006259-500_Classes\\Local Settings\\Software\\Microsoft\\Windows\\CurrentVersion\\AppModel\\SystemAppData\\Microsoft.WindowsCalculator_8wekyb3d8bbwe\\HAM\\AUI\\App\\V1"}
{"TimeCreated":"2020-10-18 02:17:05.036","UtcTime":"2020-10-18 06:17:05.023","ProcessGuid":"{39e4a257-f71a-5f87-1000-000000000400}","Image":"C:\\windows\\system32\\svchost.exe","EventID":12,"Channel":"Microsoft-Windows-Sysmon/Operational","Task":"12","RuleName":"-","Message":"Registry object added or deleted:\r\nRuleName: -\r\nEventType: CreateKey\r\nUtcTime: 2020-10-18 06:17:05.023\r\nProcessGuid: {39e4a257-f71a-5f87-1000-000000000400}\r\nProcessId: 896\r\nImage: C:\\windows\\system32\\svchost.exe\r\nTargetObject: HKU\\S-1-5-21-3940915590-64593676-1414006259-500_Classes\\Local Settings\\Software\\Microsoft\\Windows\\CurrentVersion\\AppModel\\SystemAppData\\Microsoft.WindowsCalculator_8wekyb3d8bbwe\\HAM\\AUI\\App","Hostname":"WORKSTATION5","ProcessId":"896","EventType":"CreateKey","TargetObject":"HKU\\S-1-5-21-3940915590-64593676-1414006259-500_Classes\\Local Settings\\Software\\Microsoft\\Windows\\CurrentVersion\\AppModel\\SystemAppData\\Microsoft.WindowsCalculator_8wekyb3d8bbwe\\HAM\\AUI\\App"}
{"TimeCreated":"2020-10-18 02:17:05.036","UtcTime":"2020-10-18 06:17:05.023","ProcessGuid":"{39e4a257-f71a-5f87-1000-000000000400}","Image":"C:\\windows\\system32\\svchost.exe","EventID":12,"Channel":"Microsoft-Windows-Sysmon/Operational","Task":"12","RuleName":"-","Message":"Registry object added or deleted:\r\nRuleName: -\r\nEventType: CreateKey\r\nUtcTime: 2020-10-18 06:17:05.023\r\nProcessGuid: {39e4a257-f71a-5f87-1000-000000000400}\r\nProcessId: 896\r\nImage: C:\\windows\\system32\\svchost.exe\r\nTargetObject: HKU\\S-1-5-21-3940915590-64593676-1414006259-500_Classes\\Local Settings\\Software\\Microsoft\\Windows\\CurrentVersion\\AppModel\\SystemAppData\\Microsoft.WindowsCalculator_8wekyb3d8bbwe\\HAM\\AUI","Hostname":"WORKSTATION5","ProcessId":"896","EventType":"CreateKey","TargetObject":"HKU\\S-1-5-21-3940915590-64593676-1414006259-500_Classes\\Local Settings\\Software\\Microsoft\\Windows\\CurrentVersion\\AppModel\\SystemAppData\\Microsoft.WindowsCalculator_8wekyb3d8bbwe\\HAM\\AUI"}
{"TimeCreated":"2020-10-18 02:17:05.036","UtcTime":"2020-10-18 06:17:05.023","ProcessGuid":"{39e4a257-f71a-5f87-1000-000000000400}","Image":"C:\\windows\\system32\\svchost.exe","EventID":12,"Channel":"Microsoft-Windows-Sysmon/Operational","Task":"12","RuleName":"-","Message":"Registry object added or deleted:\r\nRuleName: -\r\nEventType: CreateKey\r\nUtcTime: 2020-10-18 06:17:05.023\r\nProcessGuid: {39e4a257-f71a-5f87-1000-000000000400}\r\nProcessId: 896\r\nImage: C:\\windows\\system32\\svchost.exe\r\nTargetObject: HKU\\S-1-5-21-3940915590-64593676-1414006259-500_Classes\\Local Settings\\Software\\Microsoft\\Windows\\CurrentVersion\\AppModel\\SystemAppData\\Microsoft.WindowsCalculator_8wekyb3d8bbwe","Hostname":"WORKSTATION5","ProcessId":"896","EventType":"CreateKey","TargetObject":"HKU\\S-1-5-21-3940915590-64593676-1414006259-500_Classes\\Local Settings\\Software\\Microsoft\\Windows\\CurrentVersion\\AppModel\\SystemAppData\\Microsoft.WindowsCalculator_8wekyb3d8bbwe"}
{"SourceImage":"C:\\windows\\system32\\svchost.exe","TimeCreated":"2020-10-18 02:17:05.033","GrantedAccess":"0x1000","SourceThreadId":"1316","CallTrace":"C:\\windows\\SYSTEM32\\ntdll.dll+9d154|C:\\windows\\System32\\RPCRT4.dll+2d354|C:\\windows\\System32\\combase.dll+b855b|c:\\windows\\system32\\windows.staterepository.dll+223f5|c:\\windows\\system32\\windows.staterepository.dll+1460a|C:\\windows\\System32\\RPCRT4.dll+76a63|C:\\windows\\System32\\RPCRT4.dll+da036|C:\\windows\\System32\\RPCRT4.dll+383b9|C:\\windows\\System32\\combase.dll+a5d13|C:\\windows\\System32\\RPCRT4.dll+59bab|C:\\windows\\System32\\combase.dll+8d0e3|C:\\windows\\System32\\combase.dll+8ced3|C:\\windows\\System32\\combase.dll+a9556|C:\\windows\\System32\\combase.dll+8a4fa|C:\\windows\\System32\\combase.dll+a47ed|C:\\windows\\System32\\combase.dll+401ac|C:\\windows\\System32\\combase.dll+40a11|C:\\windows\\System32\\combase.dll+421b8|C:\\windows\\System32\\RPCRT4.dll+549f8|C:\\windows\\System32\\RPCRT4.dll+2c9b1|C:\\windows\\System32\\RPCRT4.dll+2c500|C:\\windows\\System32\\RPCRT4.dll+1a71f|C:\\windows\\System32\\RPCRT4.dll+19d7a|C:\\windows\\System32\\RPCRT4.dll+19361","UtcTime":"2020-10-18 06:17:05.023","TargetProcessGUID":"{39e4a257-1bcf-5f89-a90e-000000000400}","SourceProcessId":"3372","EventID":10,"Channel":"Microsoft-Windows-Sysmon/Operational","Task":"10","RuleName":"-","Message":"Process accessed:\r\nRuleName: -\r\nUtcTime: 2020-10-18 06:17:05.023\r\nSourceProcessGUID: {39e4a257-f7a9-5f87-bc00-000000000400}\r\nSourceProcessId: 3372\r\nSourceThreadId: 1316\r\nSourceImage: C:\\windows\\system32\\svchost.exe\r\nTargetProcessGUID: {39e4a257-1bcf-5f89-a90e-000000000400}\r\nTargetProcessId: 4548\r\nTargetImage: C:\\windows\\Explorer.EXE\r\nGrantedAccess: 0x1000\r\nCallTrace: C:\\windows\\SYSTEM32\\ntdll.dll+9d154|C:\\windows\\System32\\RPCRT4.dll+2d354|C:\\windows\\System32\\combase.dll+b855b|c:\\windows\\system32\\windows.staterepository.dll+223f5|c:\\windows\\system32\\windows.staterepository.dll+1460a|C:\\windows\\System32\\RPCRT4.dll+76a63|C:\\windows\\System32\\RPCRT4.dll+da036|C:\\windows\\System32\\RPCRT4.dll+383b9|C:\\windows\\System32\\combase.dll+a5d13|C:\\windows\\System32\\RPCRT4.dll+59bab|C:\\windows\\System32\\combase.dll+8d0e3|C:\\windows\\System32\\combase.dll+8ced3|C:\\windows\\System32\\combase.dll+a9556|C:\\windows\\System32\\combase.dll+8a4fa|C:\\windows\\System32\\combase.dll+a47ed|C:\\windows\\System32\\combase.dll+401ac|C:\\windows\\System32\\combase.dll+40a11|C:\\windows\\System32\\combase.dll+421b8|C:\\windows\\System32\\RPCRT4.dll+549f8|C:\\windows\\System32\\RPCRT4.dll+2c9b1|C:\\windows\\System32\\RPCRT4.dll+2c500|C:\\windows\\System32\\RPCRT4.dll+1a71f|C:\\windows\\System32\\RPCRT4.dll+19d7a|C:\\windows\\System32\\RPCRT4.dll+19361","Hostname":"WORKSTATION5","TargetProcessId":"4548","TargetImage":"C:\\windows\\Explorer.EXE","SourceProcessGUID":"{39e4a257-f7a9-5f87-bc00-000000000400}"}
{"SourceImage":"C:\\windows\\system32\\svchost.exe","TimeCreated":"2020-10-18 02:17:05.033","GrantedAccess":"0x1000","SourceThreadId":"1316","CallTrace":"C:\\windows\\SYSTEM32\\ntdll.dll+9d154|C:\\windows\\System32\\RPCRT4.dll+2d354|C:\\windows\\System32\\combase.dll+b855b|c:\\windows\\system32\\windows.staterepository.dll+22029|C:\\windows\\System32\\RPCRT4.dll+76a63|C:\\windows\\System32\\RPCRT4.dll+da036|C:\\windows\\System32\\RPCRT4.dll+383b9|C:\\windows\\System32\\combase.dll+a5d13|C:\\windows\\System32\\RPCRT4.dll+59bab|C:\\windows\\System32\\combase.dll+8d0e3|C:\\windows\\System32\\combase.dll+8ced3|C:\\windows\\System32\\combase.dll+a9556|C:\\windows\\System32\\combase.dll+8a4fa|C:\\windows\\System32\\combase.dll+a47ed|C:\\windows\\System32\\combase.dll+401ac|C:\\windows\\System32\\combase.dll+40a11|C:\\windows\\System32\\combase.dll+421b8|C:\\windows\\System32\\RPCRT4.dll+549f8|C:\\windows\\System32\\RPCRT4.dll+2c9b1|C:\\windows\\System32\\RPCRT4.dll+2c500|C:\\windows\\System32\\RPCRT4.dll+1a71f|C:\\windows\\System32\\RPCRT4.dll+19d7a|C:\\windows\\System32\\RPCRT4.dll+19361|C:\\windows\\System32\\RPCRT4.dll+18dce","UtcTime":"2020-10-18 06:17:05.023","TargetProcessGUID":"{39e4a257-1bcf-5f89-a90e-000000000400}","SourceProcessId":"3372","EventID":10,"Channel":"Microsoft-Windows-Sysmon/Operational","Task":"10","RuleName":"-","Message":"Process accessed:\r\nRuleName: -\r\nUtcTime: 2020-10-18 06:17:05.023\r\nSourceProcessGUID: {39e4a257-f7a9-5f87-bc00-000000000400}\r\nSourceProcessId: 3372\r\nSourceThreadId: 1316\r\nSourceImage: C:\\windows\\system32\\svchost.exe\r\nTargetProcessGUID: {39e4a257-1bcf-5f89-a90e-000000000400}\r\nTargetProcessId: 4548\r\nTargetImage: C:\\windows\\Explorer.EXE\r\nGrantedAccess: 0x1000\r\nCallTrace: C:\\windows\\SYSTEM32\\ntdll.dll+9d154|C:\\windows\\System32\\RPCRT4.dll+2d354|C:\\windows\\System32\\combase.dll+b855b|c:\\windows\\system32\\windows.staterepository.dll+22029|C:\\windows\\System32\\RPCRT4.dll+76a63|C:\\windows\\System32\\RPCRT4.dll+da036|C:\\windows\\System32\\RPCRT4.dll+383b9|C:\\windows\\System32\\combase.dll+a5d13|C:\\windows\\System32\\RPCRT4.dll+59bab|C:\\windows\\System32\\combase.dll+8d0e3|C:\\windows\\System32\\combase.dll+8ced3|C:\\windows\\System32\\combase.dll+a9556|C:\\windows\\System32\\combase.dll+8a4fa|C:\\windows\\System32\\combase.dll+a47ed|C:\\windows\\System32\\combase.dll+401ac|C:\\windows\\System32\\combase.dll+40a11|C:\\windows\\System32\\combase.dll+421b8|C:\\windows\\System32\\RPCRT4.dll+549f8|C:\\windows\\System32\\RPCRT4.dll+2c9b1|C:\\windows\\System32\\RPCRT4.dll+2c500|C:\\windows\\System32\\RPCRT4.dll+1a71f|C:\\windows\\System32\\RPCRT4.dll+19d7a|C:\\windows\\System32\\RPCRT4.dll+19361|C:\\windows\\System32\\RPCRT4.dll+18dce","Hostname":"WORKSTATION5","TargetProcessId":"4548","TargetImage":"C:\\windows\\Explorer.EXE","SourceProcessGUID":"{39e4a257-f7a9-5f87-bc00-000000000400}"}
{"SourceImage":"C:\\windows\\system32\\svchost.exe","TimeCreated":"2020-10-18 02:17:05.033","GrantedAccess":"0x1000","SourceThreadId":"1316","CallTrace":"C:\\windows\\SYSTEM32\\ntdll.dll+9d154|C:\\windows\\System32\\RPCRT4.dll+2d354|C:\\windows\\System32\\combase.dll+b855b|c:\\windows\\system32\\windows.staterepository.dll+2231c|c:\\windows\\system32\\windows.staterepository.dll+1e507|C:\\windows\\System32\\RPCRT4.dll+76a63|C:\\windows\\System32\\RPCRT4.dll+da036|C:\\windows\\System32\\RPCRT4.dll+383b9|C:\\windows\\System32\\combase.dll+a5d13|C:\\windows\\System32\\RPCRT4.dll+59bab|C:\\windows\\System32\\combase.dll+8d0e3|C:\\windows\\System32\\combase.dll+8ced3|C:\\windows\\System32\\combase.dll+a9556|C:\\windows\\System32\\combase.dll+8a4fa|C:\\windows\\System32\\combase.dll+a47ed|C:\\windows\\System32\\combase.dll+401ac|C:\\windows\\System32\\combase.dll+40a11|C:\\windows\\System32\\combase.dll+421b8|C:\\windows\\System32\\RPCRT4.dll+549f8|C:\\windows\\System32\\RPCRT4.dll+2c9b1|C:\\windows\\System32\\RPCRT4.dll+2c500|C:\\windows\\System32\\RPCRT4.dll+1a71f|C:\\windows\\System32\\RPCRT4.dll+19d7a|C:\\windows\\System32\\RPCRT4.dll+19361","UtcTime":"2020-10-18 06:17:05.023","TargetProcessGUID":"{39e4a257-1bcf-5f89-a90e-000000000400}","SourceProcessId":"3372","EventID":10,"Channel":"Microsoft-Windows-Sysmon/Operational","Task":"10","RuleName":"-","Message":"Process accessed:\r\nRuleName: -\r\nUtcTime: 2020-10-18 06:17:05.023\r\nSourceProcessGUID: {39e4a257-f7a9-5f87-bc00-000000000400}\r\nSourceProcessId: 3372\r\nSourceThreadId: 1316\r\nSourceImage: C:\\windows\\system32\\svchost.exe\r\nTargetProcessGUID: {39e4a257-1bcf-5f89-a90e-000000000400}\r\nTargetProcessId: 4548\r\nTargetImage: C:\\windows\\Explorer.EXE\r\nGrantedAccess: 0x1000\r\nCallTrace: C:\\windows\\SYSTEM32\\ntdll.dll+9d154|C:\\windows\\System32\\RPCRT4.dll+2d354|C:\\windows\\System32\\combase.dll+b855b|c:\\windows\\system32\\windows.staterepository.dll+2231c|c:\\windows\\system32\\windows.staterepository.dll+1e507|C:\\windows\\System32\\RPCRT4.dll+76a63|C:\\windows\\System32\\RPCRT4.dll+da036|C:\\windows\\System32\\RPCRT4.dll+383b9|C:\\windows\\System32\\combase.dll+a5d13|C:\\windows\\System32\\RPCRT4.dll+59bab|C:\\windows\\System32\\combase.dll+8d0e3|C:\\windows\\System32\\combase.dll+8ced3|C:\\windows\\System32\\combase.dll+a9556|C:\\windows\\System32\\combase.dll+8a4fa|C:\\windows\\System32\\combase.dll+a47ed|C:\\windows\\System32\\combase.dll+401ac|C:\\windows\\System32\\combase.dll+40a11|C:\\windows\\System32\\combase.dll+421b8|C:\\windows\\System32\\RPCRT4.dll+549f8|C:\\windows\\System32\\RPCRT4.dll+2c9b1|C:\\windows\\System32\\RPCRT4.dll+2c500|C:\\windows\\System32\\RPCRT4.dll+1a71f|C:\\windows\\System32\\RPCRT4.dll+19d7a|C:\\windows\\System32\\RPCRT4.dll+19361","Hostname":"WORKSTATION5","TargetProcessId":"4548","TargetImage":"C:\\windows\\Explorer.EXE","SourceProcessGUID":"{39e4a257-f7a9-5f87-bc00-000000000400}"}
{"TimeCreated":"2020-10-18 02:17:05.022","UtcTime":"2020-10-18 06:17:05.007","ProcessGuid":"{39e4a257-f71a-5f87-1000-000000000400}","Image":"C:\\windows\\system32\\svchost.exe","EventID":12,"Channel":"Microsoft-Windows-Sysmon/Operational","Task":"12","RuleName":"-","Message":"Registry object added or deleted:\r\nRuleName: -\r\nEventType: CreateKey\r\nUtcTime: 2020-10-18 06:17:05.007\r\nProcessGuid: {39e4a257-f71a-5f87-1000-000000000400}\r\nProcessId: 896\r\nImage: C:\\windows\\system32\\svchost.exe\r\nTargetObject: HKU\\S-1-5-21-3940915590-64593676-1414006259-500\\Software\\Microsoft\\Windows NT\\CurrentVersion\\HostActivityManager","Hostname":"WORKSTATION5","ProcessId":"896","EventType":"CreateKey","TargetObject":"HKU\\S-1-5-21-3940915590-64593676-1414006259-500\\Software\\Microsoft\\Windows NT\\CurrentVersion\\HostActivityManager"}
{"TimeCreated":"2020-10-18 02:17:05.016","SignatureStatus":"Valid","Signature":"Windows Phone","Product":"Microsoft Visual Studio","Hashes":"SHA1=9859CBDC1A458BCF9315D0D65ED2CDC562EDDA46,MD5=57C7B0A94744CE6523E9D5B3D87CF046,SHA256=7ABF4F426525438D6A14B2B653C1BA5C5EEA8AF774707A47B1C9D7E44156EBDE,IMPHASH=550DAE1D2D624268AA8E671B5C7B8FC8","UtcTime":"2020-10-18 06:17:04.945","ProcessGuid":"{39e4a257-dde0-5f8b-511b-000000000400}","Image":"C:\\Program Files\\WindowsApps\\Microsoft.WindowsCalculator_10.2008.2.0_x64__8wekyb3d8bbwe\\Calculator.exe","ImageLoaded":"C:\\Program Files\\WindowsApps\\Microsoft.VCLibs.140.00_14.0.29231.0_x64__8wekyb3d8bbwe\\vccorlib140_app.dll","EventID":7,"Channel":"Microsoft-Windows-Sysmon/Operational","Task":"7","RuleName":"-","FileVersion":"14.28.29231.0 built by: vcwrkspc","Message":"Image loaded:\r\nRuleName: -\r\nUtcTime: 2020-10-18 06:17:04.945\r\nProcessGuid: {39e4a257-dde0-5f8b-511b-000000000400}\r\nProcessId: 8452\r\nImage: C:\\Program Files\\WindowsApps\\Microsoft.WindowsCalculator_10.2008.2.0_x64__8wekyb3d8bbwe\\Calculator.exe\r\nImageLoaded: C:\\Program Files\\WindowsApps\\Microsoft.VCLibs.140.00_14.0.29231.0_x64__8wekyb3d8bbwe\\vccorlib140_app.dll\r\nFileVersion: 14.28.29231.0 built by: vcwrkspc\r\nDescription: Microsoft  VC WinRT core library\r\nProduct: Microsoft Visual Studio\r\nCompany: Microsoft Corporation\r\nOriginalFileName: vccorlib140_app.DLL\r\nHashes: SHA1=9859CBDC1A458BCF9315D0D65ED2CDC562EDDA46,MD5=57C7B0A94744CE6523E9D5B3D87CF046,SHA256=7ABF4F426525438D6A14B2B653C1BA5C5EEA8AF774707A47B1C9D7E44156EBDE,IMPHASH=550DAE1D2D624268AA8E671B5C7B8FC8\r\nSigned: true\r\nSignature: Windows Phone\r\nSignatureStatus: Valid","Hostname":"WORKSTATION5","ProcessId":"8452","Description":"Microsoft  VC WinRT core library","Company":"Microsoft Corporation","Signed":"true","OriginalFileName":"vccorlib140_app.DLL"}
{"TimeCreated":"2020-10-18 02:17:05.003","SignatureStatus":"Unavailable","Signature":"-","Product":"-","Hashes":"SHA1=80A5BEB63D629FE33E8425FA35BCE266E85AE599,MD5=04318D5F758DBC698741AC62BD8A88D0,SHA256=06033F4B545583D88E1F6924776124D9AAD4E0304DE803B33355FB41BAC8E48E,IMPHASH=5EDA7F67A1FE4BF9F0D4A2E37ACD0C11","UtcTime":"2020-10-18 06:17:04.914","ProcessGuid":"{39e4a257-dde0-5f8b-511b-000000000400}","Image":"C:\\Program Files\\WindowsApps\\Microsoft.WindowsCalculator_10.2008.2.0_x64__8wekyb3d8bbwe\\Calculator.exe","ImageLoaded":"C:\\Program Files\\WindowsApps\\Microsoft.WindowsCalculator_10.2008.2.0_x64__8wekyb3d8bbwe\\Calculator.exe","EventID":7,"Channel":"Microsoft-Windows-Sysmon/Operational","Task":"7","RuleName":"-","FileVersion":"-","Message":"Image loaded:\r\nRuleName: -\r\nUtcTime: 2020-10-18 06:17:04.914\r\nProcessGuid: {39e4a257-dde0-5f8b-511b-000000000400}\r\nProcessId: 8452\r\nImage: C:\\Program Files\\WindowsApps\\Microsoft.WindowsCalculator_10.2008.2.0_x64__8wekyb3d8bbwe\\Calculator.exe\r\nImageLoaded: C:\\Program Files\\WindowsApps\\Microsoft.WindowsCalculator_10.2008.2.0_x64__8wekyb3d8bbwe\\Calculator.exe\r\nFileVersion: -\r\nDescription: -\r\nProduct: -\r\nCompany: -\r\nOriginalFileName: -\r\nHashes: SHA1=80A5BEB63D629FE33E8425FA35BCE266E85AE599,MD5=04318D5F758DBC698741AC62BD8A88D0,SHA256=06033F4B545583D88E1F6924776124D9AAD4E0304DE803B33355FB41BAC8E48E,IMPHASH=5EDA7F67A1FE4BF9F0D4A2E37ACD0C11\r\nSigned: false\r\nSignature: -\r\nSignatureStatus: Unavailable","Hostname":"WORKSTATION5","ProcessId":"8452","Description":"-","Company":"-","Signed":"false","OriginalFileName":"-"}
{"TimeCreated":"2020-10-18 02:17:04.978","SignatureStatus":"Valid","Signature":"Microsoft Windows","Product":"Microsoft Windows Operating System","Hashes":"SHA1=0EA4B3CFB14E49CEC0D42FF0F1FA989E69647A8F,MD5=36354D9B5B0A58A4B9A19103852C00A2,SHA256=E5A863D3F4BFEFED7D73A7B1499F81B7235BC9AE3C108065041BCB8E5446B1BB,IMPHASH=1273683626EBBA703979F188A1E64237","UtcTime":"2020-10-18 06:17:04.945","ProcessGuid":"{39e4a257-dde0-5f8b-511b-000000000400}","Image":"C:\\Program Files\\WindowsApps\\Microsoft.WindowsCalculator_10.2008.2.0_x64__8wekyb3d8bbwe\\Calculator.exe","ImageLoaded":"C:\\Windows\\System32\\msvcrt.dll","EventID":7,"Channel":"Microsoft-Windows-Sysmon/Operational","Task":"7","RuleName":"-","FileVersion":"7.0.18362.1 (WinBuild.160101.0800)","Message":"Image loaded:\r\nRuleName: -\r\nUtcTime: 2020-10-18 06:17:04.945\r\nProcessGuid: {39e4a257-dde0-5f8b-511b-000000000400}\r\nProcessId: 8452\r\nImage: C:\\Program Files\\WindowsApps\\Microsoft.WindowsCalculator_10.2008.2.0_x64__8wekyb3d8bbwe\\Calculator.exe\r\nImageLoaded: C:\\Windows\\System32\\msvcrt.dll\r\nFileVersion: 7.0.18362.1 (WinBuild.160101.0800)\r\nDescription: Windows NT CRT DLL\r\nProduct: Microsoft Windows Operating System\r\nCompany: Microsoft Corporation\r\nOriginalFileName: msvcrt.dll\r\nHashes: SHA1=0EA4B3CFB14E49CEC0D42FF0F1FA989E69647A8F,MD5=36354D9B5B0A58A4B9A19103852C00A2,SHA256=E5A863D3F4BFEFED7D73A7B1499F81B7235BC9AE3C108065041BCB8E5446B1BB,IMPHASH=1273683626EBBA703979F188A1E64237\r\nSigned: true\r\nSignature: Microsoft Windows\r\nSignatureStatus: Valid","Hostname":"WORKSTATION5","ProcessId":"8452","Description":"Windows NT CRT DLL","Company":"Microsoft Corporation","Signed":"true","OriginalFileName":"msvcrt.dll"}
{"TimeCreated":"2020-10-18 02:17:04.978","SignatureStatus":"Valid","Signature":"Microsoft Windows","Product":"Microsoft Windows Operating System","Hashes":"SHA1=F1D1D942ACBA432D60C139A8AE9644665044BCD6,MD5=5539643D8D55C97FB3A5F7E24C448A3F,SHA256=4FB47D56F0FC6C27FEC884E078A2999F7B2E10994359960CC78182544CA80C36,IMPHASH=639D16ACD736EAE912B88E985A0A7A0F","UtcTime":"2020-10-18 06:17:04.945","ProcessGuid":"{39e4a257-dde0-5f8b-511b-000000000400}","Image":"C:\\Program Files\\WindowsApps\\Microsoft.WindowsCalculator_10.2008.2.0_x64__8wekyb3d8bbwe\\Calculator.exe","ImageLoaded":"C:\\Windows\\System32\\kernel.appcore.dll","EventID":7,"Channel":"Microsoft-Windows-Sysmon/Operational","Task":"7","RuleName":"-","FileVersion":"10.0.18362.1110 (WinBuild.160101.0800)","Message":"Image loaded:\r\nRuleName: -\r\nUtcTime: 2020-10-18 06:17:04.945\r\nProcessGuid: {39e4a257-dde0-5f8b-511b-000000000400}\r\nProcessId: 8452\r\nImage: C:\\Program Files\\WindowsApps\\Microsoft.WindowsCalculator_10.2008.2.0_x64__8wekyb3d8bbwe\\Calculator.exe\r\nImageLoaded: C:\\Windows\\System32\\kernel.appcore.dll\r\nFileVersion: 10.0.18362.1110 (WinBuild.160101.0800)\r\nDescription: AppModel API Host\r\nProduct: Microsoft Windows Operating System\r\nCompany: Microsoft Corporation\r\nOriginalFileName: kernel.appcore.dll\r\nHashes: SHA1=F1D1D942ACBA432D60C139A8AE9644665044BCD6,MD5=5539643D8D55C97FB3A5F7E24C448A3F,SHA256=4FB47D56F0FC6C27FEC884E078A2999F7B2E10994359960CC78182544CA80C36,IMPHASH=639D16ACD736EAE912B88E985A0A7A0F\r\nSigned: true\r\nSignature: Microsoft Windows\r\nSignatureStatus: Valid","Hostname":"WORKSTATION5","ProcessId":"8452","Description":"AppModel API Host","Company":"Microsoft Corporation","Signed":"true","OriginalFileName":"kernel.appcore.dll"}
{"TimeCreated":"2020-10-18 02:17:04.977","SignatureStatus":"Valid","Signature":"Windows Phone","Product":"Microsoft Visual Studio","Hashes":"SHA1=1CE764C2D902DB219BC764ED964CC234E3AA337A,MD5=2580290B1E5712B0FEFC38A6FF06E115,SHA256=3C850DE2119D6311DFF3E575797A476011D8272007D7DC82AE47771C9811D2A4,IMPHASH=C4185C20B2A41A0227AEF9F9555CF591","UtcTime":"2020-10-18 06:17:04.929","ProcessGuid":"{39e4a257-dde0-5f8b-511b-000000000400}","Image":"C:\\Program Files\\WindowsApps\\Microsoft.WindowsCalculator_10.2008.2.0_x64__8wekyb3d8bbwe\\Calculator.exe","ImageLoaded":"C:\\Program Files\\WindowsApps\\Microsoft.VCLibs.140.00_14.0.29231.0_x64__8wekyb3d8bbwe\\vcruntime140_app.dll","EventID":7,"Channel":"Microsoft-Windows-Sysmon/Operational","Task":"7","RuleName":"-","FileVersion":"14.28.29231.0 built by: vcwrkspc","Message":"Image loaded:\r\nRuleName: -\r\nUtcTime: 2020-10-18 06:17:04.929\r\nProcessGuid: {39e4a257-dde0-5f8b-511b-000000000400}\r\nProcessId: 8452\r\nImage: C:\\Program Files\\WindowsApps\\Microsoft.WindowsCalculator_10.2008.2.0_x64__8wekyb3d8bbwe\\Calculator.exe\r\nImageLoaded: C:\\Program Files\\WindowsApps\\Microsoft.VCLibs.140.00_14.0.29231.0_x64__8wekyb3d8bbwe\\vcruntime140_app.dll\r\nFileVersion: 14.28.29231.0 built by: vcwrkspc\r\nDescription: Microsoft C Runtime Library\r\nProduct: Microsoft Visual Studio\r\nCompany: Microsoft Corporation\r\nOriginalFileName: vcruntime140_app.dll\r\nHashes: SHA1=1CE764C2D902DB219BC764ED964CC234E3AA337A,MD5=2580290B1E5712B0FEFC38A6FF06E115,SHA256=3C850DE2119D6311DFF3E575797A476011D8272007D7DC82AE47771C9811D2A4,IMPHASH=C4185C20B2A41A0227AEF9F9555CF591\r\nSigned: true\r\nSignature: Windows Phone\r\nSignatureStatus: Valid","Hostname":"WORKSTATION5","ProcessId":"8452","Description":"Microsoft C Runtime Library","Company":"Microsoft Corporation","Signed":"true","OriginalFileName":"vcruntime140_app.dll"}
{"TimeCreated":"2020-10-18 02:17:04.977","SignatureStatus":"Valid","Signature":"Windows Phone","Product":"Microsoft Visual Studio","Hashes":"SHA1=5F3B45C5F073D3583C6D70765D7B392554D4431C,MD5=C19BC1A54B8EA1FD0241B4A8827851B8,SHA256=6DB75FDC6CBB380EE2644AE09F57378C761568B10912DB6BAA069F0FBF482F1A,IMPHASH=F597D8840D839D966388EA72365F8B6F","UtcTime":"2020-10-18 06:17:04.929","ProcessGuid":"{39e4a257-dde0-5f8b-511b-000000000400}","Image":"C:\\Program Files\\WindowsApps\\Microsoft.WindowsCalculator_10.2008.2.0_x64__8wekyb3d8bbwe\\Calculator.exe","ImageLoaded":"C:\\Program Files\\WindowsApps\\Microsoft.VCLibs.140.00_14.0.29231.0_x64__8wekyb3d8bbwe\\vcruntime140_1_app.dll","EventID":7,"Channel":"Microsoft-Windows-Sysmon/Operational","Task":"7","RuleName":"-","FileVersion":"14.28.29231.0 built by: vcwrkspc","Message":"Image loaded:\r\nRuleName: -\r\nUtcTime: 2020-10-18 06:17:04.929\r\nProcessGuid: {39e4a257-dde0-5f8b-511b-000000000400}\r\nProcessId: 8452\r\nImage: C:\\Program Files\\WindowsApps\\Microsoft.WindowsCalculator_10.2008.2.0_x64__8wekyb3d8bbwe\\Calculator.exe\r\nImageLoaded: C:\\Program Files\\WindowsApps\\Microsoft.VCLibs.140.00_14.0.29231.0_x64__8wekyb3d8bbwe\\vcruntime140_1_app.dll\r\nFileVersion: 14.28.29231.0 built by: vcwrkspc\r\nDescription: Microsoft C Runtime Library\r\nProduct: Microsoft Visual Studio\r\nCompany: Microsoft Corporation\r\nOriginalFileName: vcruntime140_1_app.dll\r\nHashes: SHA1=5F3B45C5F073D3583C6D70765D7B392554D4431C,MD5=C19BC1A54B8EA1FD0241B4A8827851B8,SHA256=6DB75FDC6CBB380EE2644AE09F57378C761568B10912DB6BAA069F0FBF482F1A,IMPHASH=F597D8840D839D966388EA72365F8B6F\r\nSigned: true\r\nSignature: Windows Phone\r\nSignatureStatus: Valid","Hostname":"WORKSTATION5","ProcessId":"8452","Description":"Microsoft C Runtime Library","Company":"Microsoft Corporation","Signed":"true","OriginalFileName":"vcruntime140_1_app.dll"}
{"TimeCreated":"2020-10-18 02:17:04.976","SignatureStatus":"Valid","Signature":"Windows Phone","Product":"Microsoft Visual Studio","Hashes":"SHA1=B3F8072736EE7DA82E2E0FB31B8DA3A6B102D011,MD5=5F5346C0FCC9973E5AF7B5653F3490D4,SHA256=0661246AC1562707B1E82070F2805BE061912C8B7CB80239D3F845BF8F509125,IMPHASH=B516E822BD643C8BB69461701CCE3255","UtcTime":"2020-10-18 06:17:04.929","ProcessGuid":"{39e4a257-dde0-5f8b-511b-000000000400}","Image":"C:\\Program Files\\WindowsApps\\Microsoft.WindowsCalculator_10.2008.2.0_x64__8wekyb3d8bbwe\\Calculator.exe","ImageLoaded":"C:\\Program Files\\WindowsApps\\Microsoft.VCLibs.140.00_14.0.29231.0_x64__8wekyb3d8bbwe\\concrt140_app.dll","EventID":7,"Channel":"Microsoft-Windows-Sysmon/Operational","Task":"7","RuleName":"-","FileVersion":"14.28.29231.0 built by: vcwrkspc","Message":"Image loaded:\r\nRuleName: -\r\nUtcTime: 2020-10-18 06:17:04.929\r\nProcessGuid: {39e4a257-dde0-5f8b-511b-000000000400}\r\nProcessId: 8452\r\nImage: C:\\Program Files\\WindowsApps\\Microsoft.WindowsCalculator_10.2008.2.0_x64__8wekyb3d8bbwe\\Calculator.exe\r\nImageLoaded: C:\\Program Files\\WindowsApps\\Microsoft.VCLibs.140.00_14.0.29231.0_x64__8wekyb3d8bbwe\\concrt140_app.dll\r\nFileVersion: 14.28.29231.0 built by: vcwrkspc\r\nDescription: Microsoft Concurrency Runtime Library\r\nProduct: Microsoft Visual Studio\r\nCompany: Microsoft Corporation\r\nOriginalFileName: concrt140_app.dll\r\nHashes: SHA1=B3F8072736EE7DA82E2E0FB31B8DA3A6B102D011,MD5=5F5346C0FCC9973E5AF7B5653F3490D4,SHA256=0661246AC1562707B1E82070F2805BE061912C8B7CB80239D3F845BF8F509125,IMPHASH=B516E822BD643C8BB69461701CCE3255\r\nSigned: true\r\nSignature: Windows Phone\r\nSignatureStatus: Valid","Hostname":"WORKSTATION5","ProcessId":"8452","Description":"Microsoft Concurrency Runtime Library","Company":"Microsoft Corporation","Signed":"true","OriginalFileName":"concrt140_app.dll"}
{"TimeCreated":"2020-10-18 02:17:04.952","SignatureStatus":"Valid","Signature":"Windows Phone","Product":"Microsoft Visual Studio","Hashes":"SHA1=7E53A7774C3CC0A204FA1CAB0004869E78B2814A,MD5=5BC57B8E2E7590349002AC62BFB8E6F8,SHA256=E2D7FA8B60D6FCF8D9AFE7D50FDD6F6F3B5D3202E86635DB01B6D732E8107E33,IMPHASH=92B40FF59D1FBC7B16B2593ABF06DCD0","UtcTime":"2020-10-18 06:17:04.929","ProcessGuid":"{39e4a257-dde0-5f8b-511b-000000000400}","Image":"C:\\Program Files\\WindowsApps\\Microsoft.WindowsCalculator_10.2008.2.0_x64__8wekyb3d8bbwe\\Calculator.exe","ImageLoaded":"C:\\Program Files\\WindowsApps\\Microsoft.VCLibs.140.00_14.0.29231.0_x64__8wekyb3d8bbwe\\msvcp140_app.dll","EventID":7,"Channel":"Microsoft-Windows-Sysmon/Operational","Task":"7","RuleName":"-","FileVersion":"14.28.29231.0 built by: vcwrkspc","Message":"Image loaded:\r\nRuleName: -\r\nUtcTime: 2020-10-18 06:17:04.929\r\nProcessGuid: {39e4a257-dde0-5f8b-511b-000000000400}\r\nProcessId: 8452\r\nImage: C:\\Program Files\\WindowsApps\\Microsoft.WindowsCalculator_10.2008.2.0_x64__8wekyb3d8bbwe\\Calculator.exe\r\nImageLoaded: C:\\Program Files\\WindowsApps\\Microsoft.VCLibs.140.00_14.0.29231.0_x64__8wekyb3d8bbwe\\msvcp140_app.dll\r\nFileVersion: 14.28.29231.0 built by: vcwrkspc\r\nDescription: Microsoft C Runtime Library\r\nProduct: Microsoft Visual Studio\r\nCompany: Microsoft Corporation\r\nOriginalFileName: msvcp140_app.dll\r\nHashes: SHA1=7E53A7774C3CC0A204FA1CAB0004869E78B2814A,MD5=5BC57B8E2E7590349002AC62BFB8E6F8,SHA256=E2D7FA8B60D6FCF8D9AFE7D50FDD6F6F3B5D3202E86635DB01B6D732E8107E33,IMPHASH=92B40FF59D1FBC7B16B2593ABF06DCD0\r\nSigned: true\r\nSignature: Windows Phone\r\nSignatureStatus: Valid","Hostname":"WORKSTATION5","ProcessId":"8452","Description":"Microsoft C Runtime Library","Company":"Microsoft Corporation","Signed":"true","OriginalFileName":"msvcp140_app.dll"}
{"TimeCreated":"2020-10-18 02:17:04.951","SignatureStatus":"Valid","Signature":"Microsoft Windows","Product":"Microsoft Windows Operating System","Hashes":"SHA1=56A126B33C43CE80C5DA3319FA4FBE28F617599C,MD5=94027F5AE9D6FC3B0917C1B5BCD2D88E,SHA256=2FC246F193104FB36285360E9FB14CE10B04EDB50D9D5ECFD9FDA1F010BFCDB9,IMPHASH=7F555C87AEA488E97B6067A0419ED3B4","UtcTime":"2020-10-18 06:17:04.929","ProcessGuid":"{39e4a257-dde0-5f8b-511b-000000000400}","Image":"C:\\Program Files\\WindowsApps\\Microsoft.WindowsCalculator_10.2008.2.0_x64__8wekyb3d8bbwe\\Calculator.exe","ImageLoaded":"C:\\Windows\\System32\\msvcp_win.dll","EventID":7,"Channel":"Microsoft-Windows-Sysmon/Operational","Task":"7","RuleName":"-","FileVersion":"10.0.18362.1110 (WinBuild.160101.0800)","Message":"Image loaded:\r\nRuleName: -\r\nUtcTime: 2020-10-18 06:17:04.929\r\nProcessGuid: {39e4a257-dde0-5f8b-511b-000000000400}\r\nProcessId: 8452\r\nImage: C:\\Program Files\\WindowsApps\\Microsoft.WindowsCalculator_10.2008.2.0_x64__8wekyb3d8bbwe\\Calculator.exe\r\nImageLoaded: C:\\Windows\\System32\\msvcp_win.dll\r\nFileVersion: 10.0.18362.1110 (WinBuild.160101.0800)\r\nDescription: Microsoft C Runtime Library\r\nProduct: Microsoft Windows Operating System\r\nCompany: Microsoft Corporation\r\nOriginalFileName: msvcp_win.dll\r\nHashes: SHA1=56A126B33C43CE80C5DA3319FA4FBE28F617599C,MD5=94027F5AE9D6FC3B0917C1B5BCD2D88E,SHA256=2FC246F193104FB36285360E9FB14CE10B04EDB50D9D5ECFD9FDA1F010BFCDB9,IMPHASH=7F555C87AEA488E97B6067A0419ED3B4\r\nSigned: true\r\nSignature: Microsoft Windows\r\nSignatureStatus: Valid","Hostname":"WORKSTATION5","ProcessId":"8452","Description":"Microsoft C Runtime Library","Company":"Microsoft Corporation","Signed":"true","OriginalFileName":"msvcp_win.dll"}
{"TimeCreated":"2020-10-18 02:17:04.950","SignatureStatus":"Valid","Signature":"Microsoft Windows","Product":"Microsoft Windows Operating System","Hashes":"SHA1=35C3365E5F385CB7025DC51D1359BC92CEACB8F4,MD5=81CC27927690AC3A552D92269CBA4899,SHA256=49C1A7FFB5DC382E35F19C1771A0B43120BBB4159EE5BFE23E0410A76A36D68A,IMPHASH=F010E2DB51A2E86CCF6052A1ACC0854F","UtcTime":"2020-10-18 06:17:04.929","ProcessGuid":"{39e4a257-dde0-5f8b-511b-000000000400}","Image":"C:\\Program Files\\WindowsApps\\Microsoft.WindowsCalculator_10.2008.2.0_x64__8wekyb3d8bbwe\\Calculator.exe","ImageLoaded":"C:\\Windows\\System32\\oleaut32.dll","EventID":7,"Channel":"Microsoft-Windows-Sysmon/Operational","Task":"7","RuleName":"-","FileVersion":"10.0.18362.1110 (WinBuild.160101.0800)","Message":"Image loaded:\r\nRuleName: -\r\nUtcTime: 2020-10-18 06:17:04.929\r\nProcessGuid: {39e4a257-dde0-5f8b-511b-000000000400}\r\nProcessId: 8452\r\nImage: C:\\Program Files\\WindowsApps\\Microsoft.WindowsCalculator_10.2008.2.0_x64__8wekyb3d8bbwe\\Calculator.exe\r\nImageLoaded: C:\\Windows\\System32\\oleaut32.dll\r\nFileVersion: 10.0.18362.1110 (WinBuild.160101.0800)\r\nDescription: OLEAUT32.DLL\r\nProduct: Microsoft Windows Operating System\r\nCompany: Microsoft Corporation\r\nOriginalFileName: OLEAUT32.DLL\r\nHashes: SHA1=35C3365E5F385CB7025DC51D1359BC92CEACB8F4,MD5=81CC27927690AC3A552D92269CBA4899,SHA256=49C1A7FFB5DC382E35F19C1771A0B43120BBB4159EE5BFE23E0410A76A36D68A,IMPHASH=F010E2DB51A2E86CCF6052A1ACC0854F\r\nSigned: true\r\nSignature: Microsoft Windows\r\nSignatureStatus: Valid","Hostname":"WORKSTATION5","ProcessId":"8452","Description":"OLEAUT32.DLL","Company":"Microsoft Corporation","Signed":"true","OriginalFileName":"OLEAUT32.DLL"}
{"TimeCreated":"2020-10-18 02:17:04.950","SignatureStatus":"Valid","Signature":"Microsoft Windows","Product":"Microsoft Windows Operating System","Hashes":"SHA1=B4222C8DC3274CFC3FE54F322D827B2F01FFF036,MD5=EF2BBEAFF07D32A2EC77FB4602FA9664,SHA256=6B47F3E88CDEDF8F31F91940E38A4544818C79D153323262F9F46B21F41D262C,IMPHASH=402DA460E2AC467F4489C588A9941032","UtcTime":"2020-10-18 06:17:04.929","ProcessGuid":"{39e4a257-dde0-5f8b-511b-000000000400}","Image":"C:\\Program Files\\WindowsApps\\Microsoft.WindowsCalculator_10.2008.2.0_x64__8wekyb3d8bbwe\\Calculator.exe","ImageLoaded":"C:\\Windows\\System32\\bcryptprimitives.dll","EventID":7,"Channel":"Microsoft-Windows-Sysmon/Operational","Task":"7","RuleName":"-","FileVersion":"10.0.18362.836 (WinBuild.160101.0800)","Message":"Image loaded:\r\nRuleName: -\r\nUtcTime: 2020-10-18 06:17:04.929\r\nProcessGuid: {39e4a257-dde0-5f8b-511b-000000000400}\r\nProcessId: 8452\r\nImage: C:\\Program Files\\WindowsApps\\Microsoft.WindowsCalculator_10.2008.2.0_x64__8wekyb3d8bbwe\\Calculator.exe\r\nImageLoaded: C:\\Windows\\System32\\bcryptprimitives.dll\r\nFileVersion: 10.0.18362.836 (WinBuild.160101.0800)\r\nDescription: Windows Cryptographic Primitives Library\r\nProduct: Microsoft Windows Operating System\r\nCompany: Microsoft Corporation\r\nOriginalFileName: bcryptprimitives.dll\r\nHashes: SHA1=B4222C8DC3274CFC3FE54F322D827B2F01FFF036,MD5=EF2BBEAFF07D32A2EC77FB4602FA9664,SHA256=6B47F3E88CDEDF8F31F91940E38A4544818C79D153323262F9F46B21F41D262C,IMPHASH=402DA460E2AC467F4489C588A9941032\r\nSigned: true\r\nSignature: Microsoft Windows\r\nSignatureStatus: Valid","Hostname":"WORKSTATION5","ProcessId":"8452","Description":"Windows Cryptographic Primitives Library","Company":"Microsoft Corporation","Signed":"true","OriginalFileName":"bcryptprimitives.dll"}
{"TimeCreated":"2020-10-18 02:17:04.949","SignatureStatus":"Valid","Signature":"Microsoft Windows","Product":"Microsoft Windows Operating System","Hashes":"SHA1=04BCAE1D932B2FB22A3B7ADC6C1EC1776151FC68,MD5=DBC5A40335E9F25C5C9313AB95C88CE8,SHA256=C39C71244E43B5469FF3F9313893E1AB7AFF5806B1A179CBED06A59B3F6F81B5,IMPHASH=88E7E7C7FA90052EC162DD37F2B7C7BD","UtcTime":"2020-10-18 06:17:04.929","ProcessGuid":"{39e4a257-dde0-5f8b-511b-000000000400}","Image":"C:\\Program Files\\WindowsApps\\Microsoft.WindowsCalculator_10.2008.2.0_x64__8wekyb3d8bbwe\\Calculator.exe","ImageLoaded":"C:\\Windows\\System32\\rpcrt4.dll","EventID":7,"Channel":"Microsoft-Windows-Sysmon/Operational","Task":"7","RuleName":"-","FileVersion":"10.0.18362.1110 (WinBuild.160101.0800)","Message":"Image loaded:\r\nRuleName: -\r\nUtcTime: 2020-10-18 06:17:04.929\r\nProcessGuid: {39e4a257-dde0-5f8b-511b-000000000400}\r\nProcessId: 8452\r\nImage: C:\\Program Files\\WindowsApps\\Microsoft.WindowsCalculator_10.2008.2.0_x64__8wekyb3d8bbwe\\Calculator.exe\r\nImageLoaded: C:\\Windows\\System32\\rpcrt4.dll\r\nFileVersion: 10.0.18362.1110 (WinBuild.160101.0800)\r\nDescription: Remote Procedure Call Runtime\r\nProduct: Microsoft Windows Operating System\r\nCompany: Microsoft Corporation\r\nOriginalFileName: rpcrt4.dll\r\nHashes: SHA1=04BCAE1D932B2FB22A3B7ADC6C1EC1776151FC68,MD5=DBC5A40335E9F25C5C9313AB95C88CE8,SHA256=C39C71244E43B5469FF3F9313893E1AB7AFF5806B1A179CBED06A59B3F6F81B5,IMPHASH=88E7E7C7FA90052EC162DD37F2B7C7BD\r\nSigned: true\r\nSignature: Microsoft Windows\r\nSignatureStatus: Valid","Hostname":"WORKSTATION5","ProcessId":"8452","Description":"Remote Procedure Call Runtime","Company":"Microsoft Corporation","Signed":"true","OriginalFileName":"rpcrt4.dll"}
{"TimeCreated":"2020-10-18 02:17:04.940","SignatureStatus":"Valid","Signature":"Microsoft Windows","Product":"Microsoft Windows Operating System","Hashes":"SHA1=D10BBE9B65C2C6F8FCA6850D0B79CBC6EF04D691,MD5=126821F73FD9FFCE6E091CF9480E1B60,SHA256=7B28F46F0A09CFD9129109A94B1C16C9C62EEF46C09113C4C585D9BF0E69B2DA,IMPHASH=5AE9A136FAFA10321F3D48251BF4F6A1","UtcTime":"2020-10-18 06:17:04.929","ProcessGuid":"{39e4a257-dde0-5f8b-511b-000000000400}","Image":"C:\\Program Files\\WindowsApps\\Microsoft.WindowsCalculator_10.2008.2.0_x64__8wekyb3d8bbwe\\Calculator.exe","ImageLoaded":"C:\\Windows\\System32\\ucrtbase.dll","EventID":7,"Channel":"Microsoft-Windows-Sysmon/Operational","Task":"7","RuleName":"-","FileVersion":"10.0.18362.1110 (WinBuild.160101.0800)","Message":"Image loaded:\r\nRuleName: -\r\nUtcTime: 2020-10-18 06:17:04.929\r\nProcessGuid: {39e4a257-dde0-5f8b-511b-000000000400}\r\nProcessId: 8452\r\nImage: C:\\Program Files\\WindowsApps\\Microsoft.WindowsCalculator_10.2008.2.0_x64__8wekyb3d8bbwe\\Calculator.exe\r\nImageLoaded: C:\\Windows\\System32\\ucrtbase.dll\r\nFileVersion: 10.0.18362.1110 (WinBuild.160101.0800)\r\nDescription: Microsoft C Runtime Library\r\nProduct: Microsoft Windows Operating System\r\nCompany: Microsoft Corporation\r\nOriginalFileName: ucrtbase.dll\r\nHashes: SHA1=D10BBE9B65C2C6F8FCA6850D0B79CBC6EF04D691,MD5=126821F73FD9FFCE6E091CF9480E1B60,SHA256=7B28F46F0A09CFD9129109A94B1C16C9C62EEF46C09113C4C585D9BF0E69B2DA,IMPHASH=5AE9A136FAFA10321F3D48251BF4F6A1\r\nSigned: true\r\nSignature: Microsoft Windows\r\nSignatureStatus: Valid","Hostname":"WORKSTATION5","ProcessId":"8452","Description":"Microsoft C Runtime Library","Company":"Microsoft Corporation","Signed":"true","OriginalFileName":"ucrtbase.dll"}
{"TimeCreated":"2020-10-18 02:17:04.940","SignatureStatus":"Valid","Signature":"Microsoft Windows","Product":"Microsoft Windows Operating System","Hashes":"SHA1=969AA7FF99DD7452EDA4558492D7A7435E414B37,MD5=66D9CBC07F05DC58E9B01E7E247DBA9C,SHA256=C0687B0277326C0DCB36B729F1257D03F23744B17E6BB4A92AFC52BE528EA6E1,IMPHASH=D1A511866766E387FD0DAF3ACBB54B12","UtcTime":"2020-10-18 06:17:04.929","ProcessGuid":"{39e4a257-dde0-5f8b-511b-000000000400}","Image":"C:\\Program Files\\WindowsApps\\Microsoft.WindowsCalculator_10.2008.2.0_x64__8wekyb3d8bbwe\\Calculator.exe","ImageLoaded":"C:\\Windows\\System32\\combase.dll","EventID":7,"Channel":"Microsoft-Windows-Sysmon/Operational","Task":"7","RuleName":"-","FileVersion":"10.0.18362.1139 (WinBuild.160101.0800)","Message":"Image loaded:\r\nRuleName: -\r\nUtcTime: 2020-10-18 06:17:04.929\r\nProcessGuid: {39e4a257-dde0-5f8b-511b-000000000400}\r\nProcessId: 8452\r\nImage: C:\\Program Files\\WindowsApps\\Microsoft.WindowsCalculator_10.2008.2.0_x64__8wekyb3d8bbwe\\Calculator.exe\r\nImageLoaded: C:\\Windows\\System32\\combase.dll\r\nFileVersion: 10.0.18362.1139 (WinBuild.160101.0800)\r\nDescription: Microsoft COM for Windows\r\nProduct: Microsoft Windows Operating System\r\nCompany: Microsoft Corporation\r\nOriginalFileName: COMBASE.DLL\r\nHashes: SHA1=969AA7FF99DD7452EDA4558492D7A7435E414B37,MD5=66D9CBC07F05DC58E9B01E7E247DBA9C,SHA256=C0687B0277326C0DCB36B729F1257D03F23744B17E6BB4A92AFC52BE528EA6E1,IMPHASH=D1A511866766E387FD0DAF3ACBB54B12\r\nSigned: true\r\nSignature: Microsoft Windows\r\nSignatureStatus: Valid","Hostname":"WORKSTATION5","ProcessId":"8452","Description":"Microsoft COM for Windows","Company":"Microsoft Corporation","Signed":"true","OriginalFileName":"COMBASE.DLL"}
{"TimeCreated":"2020-10-18 02:17:04.938","SignatureStatus":"Valid","Signature":"Microsoft Windows","Product":"Microsoft Windows Operating System","Hashes":"SHA1=48B3741C6497B40F71868EFAAA9EB7A224CB8060,MD5=AEE6D39564EEB18A90C3160215941B46,SHA256=6733FEEA211EA651B5DF46D391825D7861126546AE80A42A4C1E7B1ABD0E4DA5,IMPHASH=16003AF856720C35351BB8C14AD0B0A8","UtcTime":"2020-10-18 06:17:04.929","ProcessGuid":"{39e4a257-dde0-5f8b-511b-000000000400}","Image":"C:\\Program Files\\WindowsApps\\Microsoft.WindowsCalculator_10.2008.2.0_x64__8wekyb3d8bbwe\\Calculator.exe","ImageLoaded":"C:\\Windows\\System32\\KernelBase.dll","EventID":7,"Channel":"Microsoft-Windows-Sysmon/Operational","Task":"7","RuleName":"-","FileVersion":"10.0.18362.1139 (WinBuild.160101.0800)","Message":"Image loaded:\r\nRuleName: -\r\nUtcTime: 2020-10-18 06:17:04.929\r\nProcessGuid: {39e4a257-dde0-5f8b-511b-000000000400}\r\nProcessId: 8452\r\nImage: C:\\Program Files\\WindowsApps\\Microsoft.WindowsCalculator_10.2008.2.0_x64__8wekyb3d8bbwe\\Calculator.exe\r\nImageLoaded: C:\\Windows\\System32\\KernelBase.dll\r\nFileVersion: 10.0.18362.1139 (WinBuild.160101.0800)\r\nDescription: Windows NT BASE API Client DLL\r\nProduct: Microsoft Windows Operating System\r\nCompany: Microsoft Corporation\r\nOriginalFileName: Kernelbase.dll\r\nHashes: SHA1=48B3741C6497B40F71868EFAAA9EB7A224CB8060,MD5=AEE6D39564EEB18A90C3160215941B46,SHA256=6733FEEA211EA651B5DF46D391825D7861126546AE80A42A4C1E7B1ABD0E4DA5,IMPHASH=16003AF856720C35351BB8C14AD0B0A8\r\nSigned: true\r\nSignature: Microsoft Windows\r\nSignatureStatus: Valid","Hostname":"WORKSTATION5","ProcessId":"8452","Description":"Windows NT BASE API Client DLL","Company":"Microsoft Corporation","Signed":"true","OriginalFileName":"Kernelbase.dll"}
{"TimeCreated":"2020-10-18 02:17:04.937","SignatureStatus":"Valid","Signature":"Microsoft Windows","Product":"Microsoft Windows Operating System","Hashes":"SHA1=D207A86541CABC3190BBD5B1CC982F6D7C90051B,MD5=ED906DB51BCB4F5A68606D2683AF44A3,SHA256=DF5CE6E95294579D7D7D16C47CB3DC5C8FA1DB53CCE56091E3496309B0D87536,IMPHASH=D3645703895C4EBB8EA5B9B26816A081","UtcTime":"2020-10-18 06:17:04.929","ProcessGuid":"{39e4a257-dde0-5f8b-511b-000000000400}","Image":"C:\\Program Files\\WindowsApps\\Microsoft.WindowsCalculator_10.2008.2.0_x64__8wekyb3d8bbwe\\Calculator.exe","ImageLoaded":"C:\\Windows\\System32\\kernel32.dll","EventID":7,"Channel":"Microsoft-Windows-Sysmon/Operational","Task":"7","RuleName":"-","FileVersion":"10.0.18362.1110 (WinBuild.160101.0800)","Message":"Image loaded:\r\nRuleName: -\r\nUtcTime: 2020-10-18 06:17:04.929\r\nProcessGuid: {39e4a257-dde0-5f8b-511b-000000000400}\r\nProcessId: 8452\r\nImage: C:\\Program Files\\WindowsApps\\Microsoft.WindowsCalculator_10.2008.2.0_x64__8wekyb3d8bbwe\\Calculator.exe\r\nImageLoaded: C:\\Windows\\System32\\kernel32.dll\r\nFileVersion: 10.0.18362.1110 (WinBuild.160101.0800)\r\nDescription: Windows NT BASE API Client DLL\r\nProduct: Microsoft Windows Operating System\r\nCompany: Microsoft Corporation\r\nOriginalFileName: kernel32\r\nHashes: SHA1=D207A86541CABC3190BBD5B1CC982F6D7C90051B,MD5=ED906DB51BCB4F5A68606D2683AF44A3,SHA256=DF5CE6E95294579D7D7D16C47CB3DC5C8FA1DB53CCE56091E3496309B0D87536,IMPHASH=D3645703895C4EBB8EA5B9B26816A081\r\nSigned: true\r\nSignature: Microsoft Windows\r\nSignatureStatus: Valid","Hostname":"WORKSTATION5","ProcessId":"8452","Description":"Windows NT BASE API Client DLL","Company":"Microsoft Corporation","Signed":"true","OriginalFileName":"kernel32"}
{"Message":"RawAccessRead detected:\r\nRuleName: -\r\nUtcTime: 2020-10-18 06:17:04.914\r\nProcessGuid: {39e4a257-f705-5f87-0100-000000000400}\r\nProcessId: 4\r\nImage: System\r\nDevice: \\Device\\HarddiskVolume2","ProcessGuid":"{39e4a257-f705-5f87-0100-000000000400}","TimeCreated":"2020-10-18 02:17:04.919","Hostname":"WORKSTATION5","Task":"9","UtcTime":"2020-10-18 06:17:04.914","Image":"System","Channel":"Microsoft-Windows-Sysmon/Operational","RuleName":"-","Device":"\\Device\\HarddiskVolume2","EventID":9,"ProcessId":"4"}
